C51 COMPILER V9.54   MAIN                                                                  12/25/2024 20:44:12 PAGE 1   


C51 COMPILER V9.54, COMPILATION OF MODULE MAIN
OBJECT MODULE PLACED IN .\Objects\main.obj
COMPILER INVOKED BY: C:\Keil_v5\C51\BIN\C51.EXE main.c OPTIMIZE(8,SPEED) BROWSE DEBUG OBJECTEXTEND PRINT(.\Listings\main
                    -.lst) TABS(2) OBJECT(.\Objects\main.obj)

line level    source

   1          #include <reg52.h>
   2          
   3          sbit S7 = P3^0;
   4          sbit S6 = P3^1;
   5          sbit S5 = P3^2;
   6          sbit S4 = P3^3;
   7          
   8          sbit L1 = P0^0;
   9          sbit L2 = P0^1;
  10          sbit L3 = P0^2;
  11          sbit L4 = P0^3;
  12          sbit L5 = P0^4;
  13          sbit L6 = P0^5;
  14          
  15          unsigned char mode = 0;
  16          
  17          void Delay(unsigned int t)
  18          {
  19   1          while(t--);
  20   1          // while(t--);
  21   1      }
  22          
  23          void InitHC138(unsigned char channel)
  24          {
  25   1          P2 = (P2 & 0x1f) | (channel << 5);
  26   1      }
  27          
  28          void OutPutP0(unsigned char channel,unsigned char dat)
  29          {
  30   1          InitHC138(channel);
  31   1          P0 = dat;
  32   1      }
  33          
  34          void LED_Show(unsigned char mode,unsigned char dat)
  35          {
  36   1          unsigned char Num;
  37   1          switch (mode)
  38   1          {
  39   2              case 1:
  40   2                  OutPutP0(4,dat);
  41   2                  break;
  42   2              
  43   2              case 2:
  44   2                  if (dat < 9)
  45   2                  {
  46   3                      Num = ~(0x01 << (dat-1));
  47   3                      OutPutP0(4,Num);
  48   3                  }
  49   2                  break;
  50   2          }
  51   1      }
  52          
  53          void InitSystem()
  54          {
C51 COMPILER V9.54   MAIN                                                                  12/25/2024 20:44:12 PAGE 2   

  55   1          OutPutP0(5,0x00);
  56   1      }
  57          
  58          
  59          
  60          void ScanKeys_Alone()
  61          {
  62   1          if (S7 == 0)
  63   1          {
  64   2              Delay(100);
  65   2              if (S7 == 0)
  66   2              {
  67   3                  L1 = 0;
  68   3                  while (S7 == 0);
  69   3                  L1 = 1;
  70   3              }
  71   2          }
  72   1          if (S6 == 0)
  73   1          {
  74   2              Delay(100);
  75   2              if (S6 == 0)
  76   2              {
  77   3                  L2 = 0;
  78   3                  while (S6 == 0);
  79   3                  L2 = 1;
  80   3              }
  81   2          }
  82   1          if (S5 == 0)
  83   1          {
  84   2              Delay(100);
  85   2              if (S5 == 0)
  86   2              {
  87   3                  L3 = 0;
  88   3                  while (S5 == 0);
  89   3                  L3 = 1;
  90   3              }
  91   2          }
  92   1          if (S4 == 0)
  93   1          {
  94   2              Delay(100);
  95   2              if (S4 == 0)
  96   2              {
  97   3                  L4 = 0;
  98   3                  while (S4 == 0);
  99   3                  L4 = 1;
 100   3              }
 101   2          }
 102   1          
 103   1      }
 104          
 105          
 106          
 107          
 108          void main()
 109          {
 110   1          InitSystem();
 111   1          Delay(60000);
 112   1          LED_Show(1,0xff);
 113   1          InitHC138(4);
 114   1          while(1)
 115   1          {        
 116   2              ScanKeys_Alone();
C51 COMPILER V9.54   MAIN                                                                  12/25/2024 20:44:12 PAGE 3   

 117   2          }
 118   1      }


MODULE INFORMATION:   STATIC OVERLAYABLE
   CODE SIZE        =    172    ----
   CONSTANT SIZE    =   ----    ----
   XDATA SIZE       =   ----    ----
   PDATA SIZE       =   ----    ----
   DATA SIZE        =      1    ----
   IDATA SIZE       =   ----    ----
   BIT SIZE         =   ----    ----
END OF MODULE INFORMATION.


C51 COMPILATION COMPLETE.  0 WARNING(S),  0 ERROR(S)
