C51 COMPILER V9.54   MAIN                                                                  03/05/2025 18:42:16 PAGE 1   


C51 COMPILER V9.54, COMPILATION OF MODULE MAIN
OBJECT MODULE PLACED IN .\Objects\main.obj
COMPILER INVOKED BY: C:\Keil_v5\C51\BIN\C51.EXE main.c OPTIMIZE(8,SPEED) BROWSE DEBUG OBJECTEXTEND PRINT(.\Listings\main
                    -.lst) TABS(2) OBJECT(.\Objects\main.obj)

line level    source

   1          // #include <reg52.h>
   2          #include <STC15F2K60S2.h>
   3          
   4          sbit L1 = P0^0;
   5          sbit S7 = P3^0;
   6          
   7          //System Init
   8          void Delay(unsigned int t) {
   9   1          while(t--);
  10   1      }
  11          void InitHC138(unsigned char channel) {
  12   1          P2 = (P2 & 0x1f) | (channel << 5);
  13   1      }
  14          void OutPutP0(unsigned char channel,unsigned char dat){
  15   1          InitHC138(channel);
  16   1          P0 = dat;
  17   1      }
  18          void Disable_Buzzer(){
  19   1          OutPutP0(5,0x00);   // Disable Buzzer
  20   1      }
  21          
  22          
  23          unsigned char State;
  24          unsigned char Rate;
  25          unsigned char RateNum[]={0,25,50,100};
  26          //Timer0
  27          void InitTimer0()
  28          {
  29   1          TMOD &= 0xf0;
  30   1          TMOD |= 0x01;
  31   1      
  32   1          //定时50ms
  33   1          TH0 = (65535 - 100) / 256;
  34   1          TL0 = (65535 - 100) % 256;
  35   1      
  36   1          ET0 = 1;
  37   1          EA = 1;
  38   1          TR0 = 1;
  39   1      }
  40          
  41          void ServiceTimer0() interrupt 1
  42          {
  43   1          static unsigned char Count = 0;
  44   1          // static unsigned char Count1 = 0;
  45   1          TH0 = (65535 - 100) / 256;
  46   1          TL0 = (65535 - 100) % 256;
  47   1          Count++;
  48   1          // if(Count == Rate) State=!State;
  49   1          // else if(Count == 100) {Count=0;State=!State;}
  50   1          // if(Count == Rate) L1 = 1;
  51   1          // else if(Count == 100) {L1 = 0;Count = 0;}
  52   1          if(Count <= Rate) L1 = 0;
  53   1          else L1 = 1;
  54   1          if(Count >= 100) Count = 0;
C51 COMPILER V9.54   MAIN                                                                  03/05/2025 18:42:16 PAGE 2   

  55   1      }
  56          
  57          //Key
  58          void KeyDetect()
  59          {
  60   1          static unsigned char i;
  61   1          unsigned char stat;
  62   1          if(S7 == 0)
  63   1          {
  64   2              Delay(100);
  65   2              if(S7 == 0) 
  66   2              {
  67   3                  // switch(stat)
  68   3                  // {
  69   3                  //     case 0:
  70   3                  //         L1 = 0;
  71   3                          
  72   3                  // }
  73   3                  i = (i + 1) % 4;
  74   3                  Rate = RateNum[i];
  75   3                  while(S7 == 0) Delay(10);
  76   3              }
  77   2              Delay(100);
  78   2          }
  79   1      }
*** WARNING C280 IN LINE 61 OF main.c: 'stat': unreferenced local variable
  80          
  81          void main()
  82          {
  83   1          Disable_Buzzer();
  84   1          InitTimer0();
  85   1          Delay(60000);
  86   1          OutPutP0(4,0xff);
  87   1          while(1)
  88   1          {
  89   2              KeyDetect();
  90   2          }
  91   1      }


MODULE INFORMATION:   STATIC OVERLAYABLE
   CODE SIZE        =    168    ----
   CONSTANT SIZE    =   ----    ----
   XDATA SIZE       =   ----    ----
   PDATA SIZE       =   ----    ----
   DATA SIZE        =      8       1
   IDATA SIZE       =   ----    ----
   BIT SIZE         =   ----    ----
END OF MODULE INFORMATION.


C51 COMPILATION COMPLETE.  1 WARNING(S),  0 ERROR(S)
