C51 COMPILER V9.54   MAIN                                                                  03/02/2025 20:28:17 PAGE 1   


C51 COMPILER V9.54, COMPILATION OF MODULE MAIN
OBJECT MODULE PLACED IN .\Objects\main.obj
COMPILER INVOKED BY: C:\Keil_v5\C51\BIN\C51.EXE main.c OPTIMIZE(8,SPEED) BROWSE DEBUG OBJECTEXTEND PRINT(.\Listings\main
                    -.lst) TABS(2) OBJECT(.\Objects\main.obj)

line level    source

   1          // #include <reg52.h>
   2          #include <STC15F2K60S2.h>
   3          
   4          sbit L1 = P0^0;
   5          sbit L8 = P0^7;
   6          
   7          void Delay(unsigned int t) {
   8   1          while(t--);
   9   1      }
  10          void InitHC138(unsigned char channel) {
  11   1          P2 = (P2 & 0x1f) | (channel << 5);
  12   1      }
  13          void OutPutP0(unsigned char channel,unsigned char dat){
  14   1          InitHC138(channel);
  15   1          P0 = dat;
  16   1      }
  17          
  18          void InitSystem(){
  19   1          OutPutP0(5,0x00);   // Disable Buzzer
  20   1      }
  21          void InitTimer0()
  22          {
  23   1          TMOD &= 0xf0;
  24   1          TMOD |= 0x01;
  25   1      
  26   1          //定时50ms
  27   1          TH0 = (65535 - 50000) / 256;
  28   1          TL0 = (65535 - 50000) % 256;
  29   1      
  30   1          ET0 = 1;
  31   1          EA = 1;
  32   1          TR0 = 1;
  33   1      }
  34          
  35          // unsigned char Count = 0;
  36          // unsigned char Count1 = 0;
  37          
  38          void ServiceTimer0() interrupt 1
  39          {
  40   1          static unsigned char Count = 0;
  41   1          // static unsigned char Count1 = 0;
  42   1          TH0 = (65535 - 50000) / 256;
  43   1          TL0 = (65535 - 50000) % 256;
  44   1          Count++;
  45   1          // Count1++;
  46   1          // if(Count == 10) {L1 = ~L1;Count = 0;}
  47   1          // if(Count1 == 100) {L8 = ~L8;Count1 = 0;}
  48   1          if(!(Count%10)) {L1 = ~L1;}
  49   1          if(Count == 100) {L8 = ~L8;Count = 0;}
  50   1      }
  51          
  52          void main()
  53          {
  54   1          InitSystem();
C51 COMPILER V9.54   MAIN                                                                  03/02/2025 20:28:17 PAGE 2   

  55   1          InitTimer0();
  56   1          Delay(60000);
  57   1          OutPutP0(4,0xff);
  58   1          while(1)
  59   1          {
  60   2      
  61   2          }
  62   1      }


MODULE INFORMATION:   STATIC OVERLAYABLE
   CODE SIZE        =    122    ----
   CONSTANT SIZE    =   ----    ----
   XDATA SIZE       =   ----    ----
   PDATA SIZE       =   ----    ----
   DATA SIZE        =      1    ----
   IDATA SIZE       =   ----    ----
   BIT SIZE         =   ----    ----
END OF MODULE INFORMATION.


C51 COMPILATION COMPLETE.  0 WARNING(S),  0 ERROR(S)
