C51 COMPILER V9.54   MAIN                                                                  03/16/2025 21:11:32 PAGE 1   


C51 COMPILER V9.54, COMPILATION OF MODULE MAIN
OBJECT MODULE PLACED IN .\Objects\main.obj
COMPILER INVOKED BY: C:\Keil_v5\C51\BIN\C51.EXE main.c OPTIMIZE(8,SPEED) BROWSE DEBUG OBJECTEXTEND PRINT(.\Listings\main
                    -.lst) TABS(2) OBJECT(.\Objects\main.obj)

line level    source

   1          // // #include <reg52.h>
   2          #include <STC15F2K60S2.h>
   3          #include <INTRINS.H>
   4          
   5          sbit Tx = P1^0;
   6          sbit Rx = P1^1;
   7          
   8          
   9          //Delay
  10          void Delay(unsigned int t){
  11   1          while(t--);
  12   1      }
  13          void Delay12us()    //@12.000MHz
  14          {
  15   1        unsigned char i;
  16   1      
  17   1        _nop_();
  18   1        _nop_();
  19   1        i = 33;
  20   1        while (--i);
  21   1      }
  22          
  23          //System Init
  24          void Set_HC573(unsigned char channel,unsigned char dat){
  25   1        P2 = (P2 & 0x1f) | (channel << 5);
  26   1        P0 = dat;
  27   1      }
  28          unsigned char LED_State = 0xff;
  29          //SMG
  30          unsigned char SMGCode[] =
  31          {
  32          0xc0, //0
  33          0xf9, //1
  34          0xa4, //2
  35          0xb0, //3
  36          0x99, //4
  37          0x92, //5
  38          0x82, //6
  39          0xf8, //7
  40          0x80, //8
  41          0x90, //9
  42          0x88, //A
  43          0x83, //b
  44          0xc6, //C
  45          0xa1, //d
  46          0x86, //E
  47          0x8e, //F
  48          0xBF, //-
  49          0xff //None
  50          };
  51          void SMG(unsigned char Location,unsigned char num){
  52   1          Set_HC573(6,(0x01 << Location));
  53   1          Set_HC573(7, SMGCode[num]);
  54   1          Delay(500);
C51 COMPILER V9.54   MAIN                                                                  03/16/2025 21:11:32 PAGE 2   

  55   1        Set_HC573(7,0xff);
  56   1      }
  57          void SMGDot(unsigned char Location,unsigned char num){
  58   1          Set_HC573(6,(0x01 << Location));
  59   1          Set_HC573(7, SMGCode[num]-0x80);
  60   1          Delay(500);
  61   1        Set_HC573(7,0xff);
  62   1      }
  63          
  64          //UT
  65          void Ut_Wave_Init(){
  66   1          unsigned char i;
  67   1          for(i=0;i<8;i++){
  68   2              Tx = 1;
  69   2              Delay12us();
  70   2              Tx = 0;
  71   2              Delay12us();
  72   2          }
  73   1      }
  74          unsigned char Ut_Wave_Data(){
  75   1          unsigned int time;
  76   1          TMOD &= 0X0f;
  77   1          TH1=TL1=0;
  78   1          Ut_Wave_Init();
  79   1          TR1 = 1;
  80   1          while((Rx == 1) && (TF1 == 0));
  81   1          TR1 = 0;
  82   1          if(TF1 == 0){
  83   2              time = TH1 << 8 | TL1;
  84   2              return (time*0.017); 
  85   2          }
  86   1          else {TF1=0;return 0;}
  87   1      }
  88          
  89          void InitSystem(){
  90   1        Set_HC573(0,0x00);
  91   1        Set_HC573(5,0x00);  //Disable Buzzer
  92   1        Set_HC573(4,0xff);  //Disable LED
  93   1        Set_HC573(6,0xff);
  94   1        Set_HC573(7,0xff);  //Disable SMG
  95   1      }
  96          
  97          void main()
  98          {
  99   1          unsigned char Wave_Data;
 100   1          InitSystem();
 101   1        Delay(10000);
 102   1          while(1)
 103   1          {
 104   2              Wave_Data = Ut_Wave_Data();
 105   2              SMG(0,Wave_Data/100%10);
 106   2              SMG(1,Wave_Data/10%10);
 107   2              SMG(2,Wave_Data%10);
 108   2          }
 109   1      }


MODULE INFORMATION:   STATIC OVERLAYABLE
   CODE SIZE        =    271    ----
   CONSTANT SIZE    =   ----    ----
   XDATA SIZE       =   ----    ----
   PDATA SIZE       =   ----    ----
C51 COMPILER V9.54   MAIN                                                                  03/16/2025 21:11:32 PAGE 3   

   DATA SIZE        =     19    ----
   IDATA SIZE       =   ----    ----
   BIT SIZE         =   ----    ----
END OF MODULE INFORMATION.


C51 COMPILATION COMPLETE.  0 WARNING(S),  0 ERROR(S)
