C51 COMPILER V9.54   MAIN                                                                  12/22/2024 20:03:08 PAGE 1   


C51 COMPILER V9.54, COMPILATION OF MODULE MAIN
OBJECT MODULE PLACED IN .\Objects\main.obj
COMPILER INVOKED BY: C:\Keil_v5\C51\BIN\C51.EXE main.c OPTIMIZE(8,SPEED) BROWSE DEBUG OBJECTEXTEND PRINT(.\Listings\main
                    -.lst) TABS(2) OBJECT(.\Objects\main.obj)

line level    source

   1          #include <reg52.h>
   2          
   3          sbit HC138_A = P2^5;
   4          sbit HC138_B = P2^6;
   5          sbit HC138_C = P2^7;
   6          sbit N_BUZZ = P0^6;
   7          
   8          int Number;
   9          
  10          void Delay(unsigned int t)
  11          {
  12   1          while(t--);
  13   1          while(t--);
  14   1      }
  15          
  16          void LEDRunning()
  17          {
  18   1          unsigned char i;
  19   1          HC138_C = 1;
  20   1          HC138_B = 0;
  21   1          HC138_A = 0;
  22   1      
  23   1          for (i = 0; i < 3; i++)
  24   1          {
  25   2              P0 = 0x00;
  26   2              Delay(60000);
  27   2              Delay(60000);
  28   2              P0 = 0xff;
  29   2              Delay(60000);
  30   2              Delay(60000);
  31   2          }
  32   1      
  33   1          for (i = 1; i <= 8; i++)
  34   1          {
  35   2              P0 = 0xff << i;
  36   2              Delay(60000);
  37   2              Delay(60000);
  38   2          }
  39   1          for (i = 1; i <= 8; i++)
  40   1          {
  41   2              P0 = ~(0xff << i);
  42   2              Delay(60000);
  43   2              Delay(60000);
  44   2          }
  45   1          
  46   1      }
  47          
  48          
  49          void main()
  50          {
  51   1          P2 = 0xA0;
  52   1          N_BUZZ = 0;
  53   1          Delay(60000);
  54   1          while(1)
C51 COMPILER V9.54   MAIN                                                                  12/22/2024 20:03:08 PAGE 2   

  55   1          {
  56   2              LEDRunning();
  57   2          }
  58   1      }


MODULE INFORMATION:   STATIC OVERLAYABLE
   CODE SIZE        =    111    ----
   CONSTANT SIZE    =   ----    ----
   XDATA SIZE       =   ----    ----
   PDATA SIZE       =   ----    ----
   DATA SIZE        =      2    ----
   IDATA SIZE       =   ----    ----
   BIT SIZE         =   ----    ----
END OF MODULE INFORMATION.


C51 COMPILATION COMPLETE.  0 WARNING(S),  0 ERROR(S)
