C51 COMPILER V9.54   MAIN                                                                  12/23/2024 21:16:09 PAGE 1   


C51 COMPILER V9.54, COMPILATION OF MODULE MAIN
OBJECT MODULE PLACED IN .\Objects\main.obj
COMPILER INVOKED BY: C:\Keil_v5\C51\BIN\C51.EXE main.c OPTIMIZE(8,SPEED) BROWSE DEBUG OBJECTEXTEND PRINT(.\Listings\main
                    -.lst) TABS(2) OBJECT(.\Objects\main.obj)

line level    source

   1          #include <reg52.h>
   2          
   3          unsigned char Month;
   4          
   5          void Delay(unsigned int t)
   6          {
   7   1          while(t--);
   8   1          // while(t--);
   9   1      }
  10          
  11          void InitHC138(unsigned char Num)
  12          {
  13   1          P2 = (P2 & 0x1f) | (Num << 5);
  14   1      }
  15          
  16          void OutPutP0(unsigned char channel,unsigned char dat)
  17          {
  18   1          InitHC138(channel);
  19   1          P0 = dat;
  20   1      }
  21          
  22          void InitSystem()
  23          {
  24   1          OutPutP0(5,0x00);
  25   1      }
  26          
  27          unsigned char NixieCode[] = {
  28              0x3F, 0x06, 0x5B, 0x4F, 0x66, 0x6D, 0x7D, 0x07, 0x7F, 0x6F, 
  29              0x77, 0x7C, 0x39, 0x5e, 0x79, 0x71,
  30              0x00, 0x40};
  31          
  32          void Nixie(unsigned char Mode,unsigned char Num,unsigned char Location)
  33          {
  34   1          switch (Mode)
  35   1          {
  36   2              case 1:
  37   2              {
  38   3                  OutPutP0(6,0x01 << ((Location-1)%8));
  39   3                  OutPutP0(7,~NixieCode[Num]);
  40   3                  // OutPutP0(7,0xff);
  41   3                  break;
  42   3              }
  43   2              case 2:
  44   2              {
  45   3                  OutPutP0(6,Location);
  46   3                  OutPutP0(7,~NixieCode[Num]);
  47   3                  // OutPutP0(7,0xff);
  48   3                  break;
  49   3              }
  50   2          }
  51   1      }
  52          
  53          void Nixie_Dynamic()
  54          {
C51 COMPILER V9.54   MAIN                                                                  12/23/2024 21:16:09 PAGE 2   

  55   1          Nixie(1,2,1);
  56   1          Delay(500);
  57   1          Nixie(1,0,2);
  58   1          Delay(500);
  59   1          Nixie(1,1,3);
  60   1          Delay(500);
  61   1          Nixie(1,8,4);
  62   1          Delay(500);
  63   1      
  64   1          Nixie(1,17,5);
  65   1          Delay(500);
  66   1          Nixie(1,17,6);
  67   1          Delay(500);
  68   1      
  69   1          Nixie(1,Month/10,7);
  70   1          Delay(500);
  71   1          Nixie(1,Month%10,8);
  72   1          Delay(500); 
  73   1      }
  74          
  75          
  76          
  77          void main()
  78          {
  79   1          InitSystem();
  80   1          Month = 12;
  81   1          Delay(60000);
  82   1          while(1)
  83   1          {
  84   2              unsigned char i;
  85   2              for (i = 0; i < 100; i++)
  86   2              {
  87   3                  Nixie_Dynamic();
  88   3              }
  89   2              
  90   2              Month++;
  91   2              if (Month > 12) Month = 1;
  92   2          }
  93   1      }


MODULE INFORMATION:   STATIC OVERLAYABLE
   CODE SIZE        =    204    ----
   CONSTANT SIZE    =   ----    ----
   XDATA SIZE       =   ----    ----
   PDATA SIZE       =   ----    ----
   DATA SIZE        =     19       1
   IDATA SIZE       =   ----    ----
   BIT SIZE         =   ----    ----
END OF MODULE INFORMATION.


C51 COMPILATION COMPLETE.  0 WARNING(S),  0 ERROR(S)
