C51 COMPILER V9.54   MAIN                                                                  03/02/2025 19:39:19 PAGE 1   


C51 COMPILER V9.54, COMPILATION OF MODULE MAIN
OBJECT MODULE PLACED IN .\Objects\main.obj
COMPILER INVOKED BY: C:\Keil_v5\C51\BIN\C51.EXE main.c OPTIMIZE(8,SPEED) BROWSE DEBUG OBJECTEXTEND PRINT(.\Listings\main
                    -.lst) TABS(2) OBJECT(.\Objects\main.obj)

line level    source

   1          // #include <reg52.h>
   2          #include <STC15F2K60S2.h>
   3          
   4          sbit L1 = P0^0;
   5          sbit L8 = P0^7;
   6          
   7          void Delay(unsigned int t)
   8          {
   9   1          while(t--);
  10   1          // while(t--);
  11   1      }
  12          
  13          void InitHC138(unsigned char channel)
  14          {
  15   1          P2 = (P2 & 0x1f) | (channel << 5);
  16   1      }
  17          
  18          void OutPutP0(unsigned char channel,unsigned char dat)
  19          {
  20   1          InitHC138(channel);
  21   1          P0 = dat;
  22   1      }
  23          
  24          void InitSystem()
  25          {
  26   1          OutPutP0(5,0x00);   // Disable Buzzer
  27   1      }
  28          
  29          void Working()
  30          {
  31   1          L1 = 0;
  32   1          Delay(60000);
  33   1          L1 = 1;
  34   1          Delay(60000);
  35   1      }
  36          
  37          void Init_INT0()
  38          {
  39   1          IT0 = 1;    //下降沿触发
  40   1          EX0 = 1;    //INT0中断使能
  41   1          EA = 1;     //总使能
  42   1      }
  43          
  44          unsigned char State_INT0;
  45          
  46          void ServiceINT0() interrupt 0
  47          {
  48   1          // L8 = 0;
  49   1          // Delay(60000);
  50   1          // Delay(60000);
  51   1          // Delay(60000);
  52   1          // Delay(60000);
  53   1          // Delay(60000);
  54   1          // L8 = 1;
C51 COMPILER V9.54   MAIN                                                                  03/02/2025 19:39:19 PAGE 2   

  55   1          State_INT0 = 1;
  56   1      }
  57          
  58          void LED_INT()
  59          {
  60   1          if(State_INT0)
  61   1          {
  62   2              L8 = 0;
  63   2              Delay(60000);
  64   2              Delay(60000);
  65   2              Delay(60000);
  66   2              Delay(60000);
  67   2              Delay(60000);
  68   2              L8 = 1;
  69   2          }
  70   1          State_INT0 = 0;
  71   1      }
  72          
  73          void main()
  74          {
  75   1          InitSystem();
  76   1          Init_INT0();
  77   1          Delay(60000);
  78   1          OutPutP0(4,0xff);
  79   1          while(1)
  80   1          {
  81   2              Working();
  82   2              LED_INT();
  83   2          }
  84   1      }


MODULE INFORMATION:   STATIC OVERLAYABLE
   CODE SIZE        =    119    ----
   CONSTANT SIZE    =   ----    ----
   XDATA SIZE       =   ----    ----
   PDATA SIZE       =   ----    ----
   DATA SIZE        =      1    ----
   IDATA SIZE       =   ----    ----
   BIT SIZE         =   ----    ----
END OF MODULE INFORMATION.


C51 COMPILATION COMPLETE.  0 WARNING(S),  0 ERROR(S)
