C51 COMPILER V9.54   MAIN                                                                  03/05/2025 19:45:24 PAGE 1   


C51 COMPILER V9.54, COMPILATION OF MODULE MAIN
OBJECT MODULE PLACED IN .\Objects\main.obj
COMPILER INVOKED BY: C:\Keil_v5\C51\BIN\C51.EXE main.c OPTIMIZE(8,SPEED) BROWSE DEBUG OBJECTEXTEND PRINT(.\Listings\main
                    -.lst) TABS(2) OBJECT(.\Objects\main.obj)

line level    source

   1          // #include <reg52.h>
   2          #include <STC15F2K60S2.h>
   3          
   4          sbit L1 = P0^0;
   5          sbit S7 = P3^0;
   6          
   7          //System Init
   8          void Delay(unsigned int t) {
   9   1          while(t--);
  10   1      }
  11          void InitHC138(unsigned char channel) {
  12   1          P2 = (P2 & 0x1f) | (channel << 5);
  13   1      }
  14          void OutPutP0(unsigned char channel,unsigned char dat){
  15   1          InitHC138(channel);
  16   1          P0 = dat;
  17   1      }
  18          void Disable_Buzzer(){
  19   1          OutPutP0(5,0x00);   // Disable Buzzer
  20   1      }
  21          
  22          unsigned char urdat;
  23          
  24          void InitUART()
  25          {
  26   1          TMOD = 0x20;
  27   1          TH1 = 0xfd;
  28   1          TL1 = 0xfd;
  29   1          TR1 = 1;
  30   1      
  31   1          SCON = 0x50;
  32   1          AUXR = 0x00;
  33   1      
  34   1          ES = 1;
  35   1          EA = 1;
  36   1      
  37   1      }
  38          
  39          void SendByte(unsigned char dat)
  40          {
  41   1          SBUF = dat;
  42   1          while(TI == 0);
  43   1          TI = 1;
  44   1      }
  45          
  46          void ServiceUART() interrupt 4
  47          {
  48   1          if(RI == 1)
  49   1          {
  50   2              RI = 0;     //人工清零
  51   2              urdat = SBUF;
  52   2              SendByte(urdat + 1);
  53   2          }
  54   1          // if(TI == 1)
C51 COMPILER V9.54   MAIN                                                                  03/05/2025 19:45:24 PAGE 2   

  55   1          // {
  56   1      
  57   1          // }
  58   1      }
  59          
  60          void main()
  61          {
  62   1          Disable_Buzzer();
  63   1          Delay(60000);
  64   1          OutPutP0(4,0xff);
  65   1          InitUART();
  66   1          SendByte(0x5a);
  67   1          SendByte(0xa5);
  68   1          while(1)
  69   1          {
  70   2      
  71   2          }
  72   1      }


MODULE INFORMATION:   STATIC OVERLAYABLE
   CODE SIZE        =    131    ----
   CONSTANT SIZE    =   ----    ----
   XDATA SIZE       =   ----    ----
   PDATA SIZE       =   ----    ----
   DATA SIZE        =      1    ----
   IDATA SIZE       =   ----    ----
   BIT SIZE         =   ----    ----
END OF MODULE INFORMATION.


C51 COMPILATION COMPLETE.  0 WARNING(S),  0 ERROR(S)
