C51 COMPILER V9.54   MAIN                                                                  12/25/2024 20:54:41 PAGE 1   


C51 COMPILER V9.54, COMPILATION OF MODULE MAIN
OBJECT MODULE PLACED IN .\Objects\main.obj
COMPILER INVOKED BY: C:\Keil_v5\C51\BIN\C51.EXE main.c OPTIMIZE(8,SPEED) BROWSE DEBUG OBJECTEXTEND PRINT(.\Listings\main
                    -.lst) TABS(2) OBJECT(.\Objects\main.obj)

line level    source

   1          #include <reg52.h>
   2          
   3          sbit S7 = P3^0;
   4          sbit S6 = P3^1;
   5          sbit S5 = P3^2;
   6          sbit S4 = P3^3;
   7          
   8          sbit L1 = P0^0;
   9          sbit L2 = P0^1;
  10          sbit L3 = P0^2;
  11          sbit L4 = P0^3;
  12          sbit L5 = P0^4;
  13          sbit L6 = P0^5;
  14          
  15          unsigned char mode = 0;
  16          
  17          void Delay(unsigned int t)
  18          {
  19   1          while(t--);
  20   1          // while(t--);
  21   1      }
  22          
  23          void InitHC138(unsigned char channel)
  24          {
  25   1          P2 = (P2 & 0x1f) | (channel << 5);
  26   1      }
  27          
  28          void OutPutP0(unsigned char channel,unsigned char dat)
  29          {
  30   1          InitHC138(channel);
  31   1          P0 = dat;
  32   1      }
  33          
  34          void LED_Show(unsigned char mode,unsigned char dat)
  35          {
  36   1          unsigned char Num;
  37   1          switch (mode)
  38   1          {
  39   2              case 1:
  40   2                  OutPutP0(4,dat);
  41   2                  break;
  42   2              
  43   2              case 2:
  44   2                  if (dat < 9)
  45   2                  {
  46   3                      Num = ~(0x01 << (dat-1));
  47   3                      OutPutP0(4,Num);
  48   3                  }
  49   2                  break;
  50   2          }
  51   1      }
  52          
  53          void InitSystem()
  54          {
C51 COMPILER V9.54   MAIN                                                                  12/25/2024 20:54:41 PAGE 2   

  55   1          OutPutP0(5,0x00);
  56   1      }
  57          
  58          
  59          
  60          unsigned char stat_k;
  61          
  62          void ScanKeys_Alone()
  63          {
  64   1          if (S7 == 0)
  65   1          {
  66   2              Delay(100);
  67   2              if (S7 == 0)
  68   2              {
  69   3                  if (stat_k == 0)
  70   3                  {
  71   4                      L1 = 0;
  72   4                      stat_k = 1;
  73   4                  }
  74   3                  else if (stat_k == 1)
  75   3                  {
  76   4                      L1 = 1;
  77   4                      stat_k = 0;
  78   4                  }
  79   3                  while(S7 == 0);
  80   3              }
  81   2          }
  82   1          if (S6 == 0)
  83   1          {
  84   2              Delay(100);
  85   2              if (S6 == 0)
  86   2              {
  87   3                  if (stat_k == 0)
  88   3                  {
  89   4                      L2 = 0;
  90   4                      stat_k = 2;
  91   4                  }
  92   3                  else if (stat_k == 2)
  93   3                  {
  94   4                      L2 = 1;
  95   4                      stat_k = 0;
  96   4                  }
  97   3                  while(S6 == 0);
  98   3              }
  99   2          }
 100   1          if (S5 == 0)
 101   1          {
 102   2              Delay(100);
 103   2              if (S5 == 0)
 104   2              {
 105   3                  if (stat_k == 1)
 106   3                  {
 107   4                      L3 = 0;
 108   4                      while(S5 == 0);
 109   4                      L3 = 1;
 110   4                  }
 111   3                  else if (stat_k == 2)
 112   3                  {
 113   4                      L5 = 0;
 114   4                      while(S5 == 0);
 115   4                      L5 = 1;
 116   4                  }
C51 COMPILER V9.54   MAIN                                                                  12/25/2024 20:54:41 PAGE 3   

 117   3                  while(S5 == 0);
 118   3              }
 119   2          }
 120   1          if (S4 == 0)
 121   1          {
 122   2              Delay(100);
 123   2              if (S4 == 0)
 124   2              {
 125   3                  if (stat_k == 1)
 126   3                  {
 127   4                      L4 = 0;
 128   4                      while(S4 == 0);
 129   4                      L4 = 1;
 130   4                  }
 131   3                  else if (stat_k == 2)
 132   3                  {
 133   4                      L6 = 0;
 134   4                      while(S4 == 0);
 135   4                      L6 = 1;
 136   4                  }
 137   3                  while(S4 == 0);
 138   3              }
 139   2          }
 140   1          
 141   1      }
 142          
 143          
 144          
 145          
 146          void main()
 147          {
 148   1          InitSystem();
 149   1          Delay(60000);
 150   1          LED_Show(1,0xff);
 151   1          InitHC138(4);
 152   1          while(1)
 153   1          {        
 154   2              ScanKeys_Alone();
 155   2          }
 156   1      }


MODULE INFORMATION:   STATIC OVERLAYABLE
   CODE SIZE        =    250    ----
   CONSTANT SIZE    =   ----    ----
   XDATA SIZE       =   ----    ----
   PDATA SIZE       =   ----    ----
   DATA SIZE        =      2    ----
   IDATA SIZE       =   ----    ----
   BIT SIZE         =   ----    ----
END OF MODULE INFORMATION.


C51 COMPILATION COMPLETE.  0 WARNING(S),  0 ERROR(S)
